<?xml version="1.0" encoding="UTF-8"?>
<testng-results ignored="0" total="1" passed="1" failed="0" skipped="0">
  <reporter-output>
  </reporter-output>
  <suite started-at="2021-04-16T07:14:58Z" name="Suite" finished-at="2021-04-16T07:15:09Z" duration-ms="11001">
    <groups>
    </groups>
    <test started-at="2021-04-16T07:14:58Z" name="Test" finished-at="2021-04-16T07:15:09Z" duration-ms="11001">
      <class name="TestPck.SoapTest">
        <test-method signature="Test()[pri:0, instance:TestPck.SoapTest@7494f96a]" started-at="2021-04-16T07:14:58Z" name="Test" finished-at="2021-04-16T07:15:09Z" duration-ms="10975" status="PASS">
          <reporter-output>
          </reporter-output>
        </test-method> <!-- Test -->
      </class> <!-- TestPck.SoapTest -->
    </test> <!-- Test -->
  </suite> <!-- Suite -->
</testng-results>
